Build started 9/13/2015 1:43:23 PM.
     1>Project "C:\Users\Russell\git\HeapAllocator\HeapAllocationProject\stdDevProject\stdDevProject.vcxproj" on node 2 (Build target(s)).
     1>ClCompile:
         C:\Program Files (x86)\Microsoft Visual Studio 12.0\VC\bin\CL.exe /c /ZI /nologo /W3 /WX- /sdl /Od /Oy- /D WIN32 /D _DEBUG /D _CONSOLE /D _LIB /D _UNICODE /D UNICODE /Gm /EHsc /RTC1 /MDd /GS /fp:precise /Zc:wchar_t /Zc:forScope /Fo"Debug\\" /Fd"Debug\vc120.pdb" /Gd /TC /analyze- /errorReport:prompt ..\HeapAllocationProject\heapAlloc.c
         heapAlloc.c
     1>c:\users\russell\git\heapallocator\heapallocationproject\heapallocationproject\heapalloc.c(5): warning C4013: 'malloc' undefined; assuming extern returning int
     1>c:\users\russell\git\heapallocator\heapallocationproject\heapallocationproject\heapalloc.c(5): warning C4047: '=' : 'void *' differs in levels of indirection from 'int'
     1>c:\users\russell\git\heapallocator\heapallocationproject\heapallocationproject\heapalloc.c(16): warning C4101: 'nextPointer' : unreferenced local variable
     1>c:\users\russell\git\heapallocator\heapallocationproject\heapallocationproject\heapalloc.c(15): warning C4101: 'sizeLeft' : unreferenced local variable
     1>c:\users\russell\git\heapallocator\heapallocationproject\heapallocationproject\heapalloc.c(17): warning C4101: 'data' : unreferenced local variable
     1>c:\users\russell\git\heapallocator\heapallocationproject\heapallocationproject\heapalloc.c(47): warning C4027: function declared without formal parameter list
       Link:
         C:\Program Files (x86)\Microsoft Visual Studio 12.0\VC\bin\link.exe /ERRORREPORT:PROMPT /OUT:"C:\Users\Russell\git\HeapAllocator\HeapAllocationProject\Debug\stdDevProject.exe" /INCREMENTAL /NOLOGO kernel32.lib user32.lib gdi32.lib winspool.lib comdlg32.lib advapi32.lib shell32.lib ole32.lib oleaut32.lib uuid.lib odbc32.lib odbccp32.lib /MANIFEST /MANIFESTUAC:"level='asInvoker' uiAccess='false'" /manifest:embed /DEBUG /PDB:"C:\Users\Russell\git\HeapAllocator\HeapAllocationProject\Debug\stdDevProject.pdb" /SUBSYSTEM:CONSOLE /TLBID:1 /DYNAMICBASE /NXCOMPAT /IMPLIB:"C:\Users\Russell\git\HeapAllocator\HeapAllocationProject\Debug\stdDevProject.lib" /MACHINE:X86 Debug\heapAlloc.obj
         Debug\stdDev.obj
     1>stdDev.obj : error LNK2005: _ptrSize already defined in heapAlloc.obj
     1>stdDev.obj : error LNK2005: _intSize already defined in heapAlloc.obj
     1>stdDev.obj : error LNK2005: _overHead already defined in heapAlloc.obj
     1>stdDev.obj : error LNK2005: _poolSize already defined in heapAlloc.obj
     1>C:\Users\Russell\git\HeapAllocator\HeapAllocationProject\Debug\stdDevProject.exe : fatal error LNK1169: one or more multiply defined symbols found
     1>Done Building Project "C:\Users\Russell\git\HeapAllocator\HeapAllocationProject\stdDevProject\stdDevProject.vcxproj" (Build target(s)) -- FAILED.

Build FAILED.

Time Elapsed 00:00:00.75
