Build started 9/13/2015 6:40:33 PM.
     1>Project "C:\Users\Russell\git\HeapAllocator\HeapAllocationProject\HeapAllocationProject\HeapAllocationProject.vcxproj" on node 2 (Build target(s)).
     1>ClCompile:
         C:\Program Files (x86)\Microsoft Visual Studio 12.0\VC\bin\CL.exe /c /Zi /nologo /W3 /WX- /sdl /O2 /Oi /Oy- /GL /D WIN32 /D NDEBUG /D _CONSOLE /D _LIB /D _UNICODE /D UNICODE /Gm- /EHsc /MD /GS /Gy /fp:precise /Zc:wchar_t /Zc:forScope /Fo"Release\\" /Fd"Release\vc120.pdb" /Gd /TC /analyze- /errorReport:prompt heapAlloc.c
         heapAlloc.c
     1>heapAlloc.c(14): warning C4087: 'my_free' : declared with 'void' parameter list
     1>heapAlloc.c(23): warning C4087: 'my_free' : declared with 'void' parameter list
     1>heapAlloc.c(27): warning C4013: 'system' undefined; assuming extern returning int
     1>heapAlloc.c(42): warning C4087: 'my_free' : declared with 'void' parameter list
     1>heapAlloc.c(43): warning C4087: 'my_free' : declared with 'void' parameter list
     1>heapAlloc.c(64): warning C4087: 'my_free' : declared with 'void' parameter list
     1>heapAlloc.c(76): warning C4087: 'my_free' : declared with 'void' parameter list
     1>heapAlloc.c(77): warning C4087: 'my_free' : declared with 'void' parameter list
     1>heapAlloc.c(78): warning C4087: 'my_free' : declared with 'void' parameter list
     1>heapAlloc.c(79): warning C4087: 'my_free' : declared with 'void' parameter list
     1>heapAlloc.c(95): warning C4087: 'my_free' : declared with 'void' parameter list
     1>heapAlloc.c(96): warning C4087: 'my_free' : declared with 'void' parameter list
     1>heapAlloc.c(109): warning C4087: 'my_free' : declared with 'void' parameter list
     1>heapAlloc.c(129): warning C4013: 'malloc' undefined; assuming extern returning int
     1>heapAlloc.c(129): warning C4047: '=' : 'void *' differs in levels of indirection from 'int'
     1>heapAlloc.c(139): warning C4013: 'free' undefined; assuming extern returning int
     1>heapAlloc.c(149): warning C4101: 'nextPointer' : unreferenced local variable
     1>heapAlloc.c(148): warning C4101: 'sizeLeft' : unreferenced local variable
     1>heapAlloc.c(150): warning C4101: 'data' : unreferenced local variable
     1>heapAlloc.c(180): warning C4027: function declared without formal parameter list
       Link:
         C:\Program Files (x86)\Microsoft Visual Studio 12.0\VC\bin\link.exe /ERRORREPORT:PROMPT /OUT:"C:\Users\Russell\git\HeapAllocator\HeapAllocationProject\Release\HeapAllocationProject.exe" /INCREMENTAL:NO /NOLOGO kernel32.lib user32.lib gdi32.lib winspool.lib comdlg32.lib advapi32.lib shell32.lib ole32.lib oleaut32.lib uuid.lib odbc32.lib odbccp32.lib /MANIFEST /MANIFESTUAC:"level='asInvoker' uiAccess='false'" /manifest:embed /DEBUG /PDB:"C:\Users\Russell\git\HeapAllocator\HeapAllocationProject\Release\HeapAllocationProject.pdb" /SUBSYSTEM:CONSOLE /OPT:REF /OPT:ICF /LTCG /TLBID:1 /DYNAMICBASE /NXCOMPAT /IMPLIB:"C:\Users\Russell\git\HeapAllocator\HeapAllocationProject\Release\HeapAllocationProject.lib" /MACHINE:X86 /SAFESEH Release\heapAlloc.obj
         Generating code
         Finished generating code
         HeapAllocationProject.vcxproj -> C:\Users\Russell\git\HeapAllocator\HeapAllocationProject\Release\HeapAllocationProject.exe
     1>Done Building Project "C:\Users\Russell\git\HeapAllocator\HeapAllocationProject\HeapAllocationProject\HeapAllocationProject.vcxproj" (Build target(s)).

Build succeeded.

Time Elapsed 00:00:01.00
